{"uuid":"77cc5391-d3f1-4ffc-bb56-e9141d316626","name":"search.NestedFrameTest","children":["bc681ccc-5e37-450e-ae44-de9357935927","33bfc420-92a2-43f6-833f-98d0895a7a69"],"befores":[{"name":"setUp","status":"passed","stage":"finished","description":"","steps":[],"attachments":[],"parameters":[],"start":1685351299665,"stop":1685351308173},{"name":"setUpBrowser","status":"passed","stage":"finished","description":"","steps":[],"attachments":[],"parameters":[],"start":1685351308174,"stop":1685351308221},{"name":"NestedNavigate","status":"failed","statusDetails":{"known":false,"muted":false,"flaky":false,"message":"Invalid element state [by text: Nested Frames]: element click intercepted: Element <span class=\"text\">...</span> is not clickable at point (136, 670). Other element would receive the click: <div id=\"fixedban\" style=\"width:100%;margin:auto;text-align:center;float:none;overflow:hidden;display:scroll;position:fixed;bottom:0;z-index:9999999\">...</div>\r\nScreenshot: file:/C:/Users/sir-1/IdeaProjects/SelenideTestProject/build/reports/tests/1685351312614.0.png\r\nPage source: file:/C:/Users/sir-1/IdeaProjects/SelenideTestProject/build/reports/tests/1685351312614.0.html\r\nTimeout: 4 s.\r\nCaused by: ElementClickInterceptedException: element click intercepted: Element <span class=\"text\">...</span> is not clickable at point (136, 670). Other element would receive the click: <div id=\"fixedban\" style=\"width:100%;margin:auto;text-align:center;float:none;overflow:hidden;display:scroll;position:fixed;bottom:0;z-index:9999999\">...</div>","trace":"Invalid element state [by text: Nested Frames]: element click intercepted: Element <span class=\"text\">...</span> is not clickable at point (136, 670). Other element would receive the click: <div id=\"fixedban\" style=\"width:100%;margin:auto;text-align:center;float:none;overflow:hidden;display:scroll;position:fixed;bottom:0;z-index:9999999\">...</div>\r\nScreenshot: file:/C:/Users/sir-1/IdeaProjects/SelenideTestProject/build/reports/tests/1685351312614.0.png\r\nPage source: file:/C:/Users/sir-1/IdeaProjects/SelenideTestProject/build/reports/tests/1685351312614.0.html\r\nTimeout: 4 s.\r\nCaused by: ElementClickInterceptedException: element click intercepted: Element <span class=\"text\">...</span> is not clickable at point (136, 670). Other element would receive the click: <div id=\"fixedban\" style=\"width:100%;margin:auto;text-align:center;float:none;overflow:hidden;display:scroll;position:fixed;bottom:0;z-index:9999999\">...</div>\r\n\tat com.codeborne.selenide.impl.ExceptionWrapper.wrap(ExceptionWrapper.java:26)\r\n\tat com.codeborne.selenide.impl.SelenideElementProxy.dispatchAndRetry(SelenideElementProxy.java:154)\r\n\tat com.codeborne.selenide.impl.SelenideElementProxy.invoke(SelenideElementProxy.java:84)\r\n\tat com.sun.proxy.$Proxy7.click(Unknown Source)\r\n\tat com.digital.pages.Navigate.toNestedFramesPage(Navigate.java:117)\r\n\tat search.NestedFrameTest.NestedNavigate(NestedFrameTest.java:12)\r\n\tat java.base/jdk.internal.reflect.NativeMethodAccessorImpl.invoke0(Native Method)\r\n\tat java.base/jdk.internal.reflect.NativeMethodAccessorImpl.invoke(NativeMethodAccessorImpl.java:62)\r\n\tat java.base/jdk.internal.reflect.DelegatingMethodAccessorImpl.invoke(DelegatingMethodAccessorImpl.java:43)\r\n\tat java.base/java.lang.reflect.Method.invoke(Method.java:566)\r\n\tat org.testng.internal.MethodInvocationHelper.invokeMethod(MethodInvocationHelper.java:133)\r\n\tat org.testng.internal.MethodInvocationHelper.invokeMethodConsideringTimeout(MethodInvocationHelper.java:62)\r\n\tat org.testng.internal.ConfigInvoker.invokeConfigurationMethod(ConfigInvoker.java:385)\r\n\tat org.testng.internal.ConfigInvoker.invokeConfigurations(ConfigInvoker.java:321)\r\n\tat org.testng.internal.TestMethodWorker.invokeBeforeClassMethods(TestMethodWorker.java:176)\r\n\tat org.testng.internal.TestMethodWorker.run(TestMethodWorker.java:122)\r\n\tat java.base/java.util.ArrayList.forEach(ArrayList.java:1541)\r\n\tat org.testng.TestRunner.privateRun(TestRunner.java:794)\r\n\tat org.testng.TestRunner.run(TestRunner.java:596)\r\n\tat org.testng.SuiteRunner.runTest(SuiteRunner.java:377)\r\n\tat org.testng.SuiteRunner.runSequentially(SuiteRunner.java:371)\r\n\tat org.testng.SuiteRunner.privateRun(SuiteRunner.java:332)\r\n\tat org.testng.SuiteRunner.run(SuiteRunner.java:276)\r\n\tat org.testng.SuiteRunnerWorker.runSuite(SuiteRunnerWorker.java:53)\r\n\tat org.testng.SuiteRunnerWorker.run(SuiteRunnerWorker.java:96)\r\n\tat org.testng.TestNG.runSuitesSequentially(TestNG.java:1212)\r\n\tat org.testng.TestNG.runSuitesLocally(TestNG.java:1134)\r\n\tat org.testng.TestNG.runSuites(TestNG.java:1063)\r\n\tat org.testng.TestNG.run(TestNG.java:1031)\r\n\tat com.intellij.rt.testng.IDEARemoteTestNG.run(IDEARemoteTestNG.java:66)\r\n\tat com.intellij.rt.testng.RemoteTestNGStarter.main(RemoteTestNGStarter.java:109)\r\nCaused by: org.openqa.selenium.ElementClickInterceptedException: element click intercepted: Element <span class=\"text\">...</span> is not clickable at point (136, 670). Other element would receive the click: <div id=\"fixedban\" style=\"width:100%;margin:auto;text-align:center;float:none;overflow:hidden;display:scroll;position:fixed;bottom:0;z-index:9999999\">...</div>\n  (Session info: chrome=113.0.5672.127)\nBuild info: version: '4.8.3', revision: 'e5e76298c3'\nSystem info: os.name: 'Windows 10', os.arch: 'amd64', os.version: '10.0', java.version: '11.0.18'\nDriver info: org.openqa.selenium.chrome.ChromeDriver\nCommand: [71ef39a5950c0476486d9e354a9fe6d1, clickElement {id=E154F78B8C686A4FC2250B215A854313_element_22}]\nCapabilities {acceptInsecureCerts: true, browserName: chrome, browserVersion: 113.0.5672.127, chrome: {chromedriverVersion: 113.0.5672.63 (0e1a4471d5ae..., userDataDir: C:\\Users\\sir-1\\AppData\\Loca...}, goog:chromeOptions: {debuggerAddress: localhost:57855}, networkConnectionEnabled: false, pageLoadStrategy: normal, platformName: WINDOWS, proxy: Proxy(), se:cdp: ws://localhost:57855/devtoo..., se:cdpVersion: 113.0.5672.127, setWindowRect: true, strictFileInteractability: false, timeouts: {implicit: 0, pageLoad: 300000, script: 30000}, unhandledPromptBehavior: accept, webauthn:extension:credBlob: true, webauthn:extension:largeBlob: true, webauthn:extension:minPinLength: true, webauthn:extension:prf: true, webauthn:virtualAuthenticators: true}\nElement: [[ChromeDriver: chrome on WINDOWS (71ef39a5950c0476486d9e354a9fe6d1)] -> xpath: .//*/text()[normalize-space(translate(string(.), '\t\n\rÂ ', '    ')) = \"Nested Frames\"]/parent::*]\nSession ID: 71ef39a5950c0476486d9e354a9fe6d1\r\n\tat java.base/jdk.internal.reflect.NativeConstructorAccessorImpl.newInstance0(Native Method)\r\n\tat java.base/jdk.internal.reflect.NativeConstructorAccessorImpl.newInstance(NativeConstructorAccessorImpl.java:62)\r\n\tat java.base/jdk.internal.reflect.DelegatingConstructorAccessorImpl.newInstance(DelegatingConstructorAccessorImpl.java:45)\r\n\tat java.base/java.lang.reflect.Constructor.newInstance(Constructor.java:490)\r\n\tat org.openqa.selenium.remote.codec.w3c.W3CHttpResponseCodec.createException(W3CHttpResponseCodec.java:200)\r\n\tat org.openqa.selenium.remote.codec.w3c.W3CHttpResponseCodec.decode(W3CHttpResponseCodec.java:133)\r\n\tat org.openqa.selenium.remote.codec.w3c.W3CHttpResponseCodec.decode(W3CHttpResponseCodec.java:53)\r\n\tat org.openqa.selenium.remote.HttpCommandExecutor.execute(HttpCommandExecutor.java:193)\r\n\tat org.openqa.selenium.remote.service.DriverCommandExecutor.invokeExecute(DriverCommandExecutor.java:183)\r\n\tat org.openqa.selenium.remote.service.DriverCommandExecutor.execute(DriverCommandExecutor.java:158)\r\n\tat org.openqa.selenium.remote.RemoteWebDriver.execute(RemoteWebDriver.java:543)\r\n\tat org.openqa.selenium.remote.RemoteWebElement.execute(RemoteWebElement.java:257)\r\n\tat org.openqa.selenium.remote.RemoteWebElement.click(RemoteWebElement.java:78)\r\n\tat com.codeborne.selenide.commands.Click.defaultClick(Click.java:97)\r\n\tat com.codeborne.selenide.commands.Click.click(Click.java:54)\r\n\tat com.codeborne.selenide.commands.Click.execute(Click.java:31)\r\n\tat com.codeborne.selenide.commands.Click.execute(Click.java:21)\r\n\tat com.codeborne.selenide.commands.Commands.execute(Commands.java:162)\r\n\tat com.codeborne.selenide.impl.SelenideElementProxy.dispatchAndRetry(SelenideElementProxy.java:132)\r\n\t... 29 more\r\n"},"stage":"finished","description":"","steps":[],"attachments":[],"parameters":[],"start":1685351308221,"stop":1685351312838}],"afters":[{"name":"tearDown","status":"broken","stage":"finished","description":"","steps":[],"attachments":[],"parameters":[],"start":1685351313025,"stop":1685351313025}],"start":1685351299614,"stop":1685351313041}