{"uuid":"a64e4ab8-ef17-49c4-9f76-5f90009003f7","name":"search.AlertsTest","children":["c6d2b4e7-1bc3-4693-9bc8-f3aecab053ad","4e4397fa-b6cc-48be-b375-b541ef1ee46b"],"befores":[{"name":"setUp","status":"passed","stage":"finished","description":"","steps":[],"attachments":[],"parameters":[],"start":1685018291648,"stop":1685018299920},{"name":"setUpBrowser","status":"passed","stage":"finished","description":"","steps":[],"attachments":[],"parameters":[],"start":1685018299922,"stop":1685018299946},{"name":"navigation","status":"failed","statusDetails":{"known":false,"muted":false,"flaky":false,"message":"Invalid element state [by text: Alerts]: element click intercepted: Element <span class=\"text\">...</span> is not clickable at point (102, 612). Other element would receive the click: <footer>...</footer>\r\nScreenshot: file:/C:/Users/sir-1/IdeaProjects/SelenideTestProject/build/reports/tests/1685018305298.0.png\r\nPage source: file:/C:/Users/sir-1/IdeaProjects/SelenideTestProject/build/reports/tests/1685018305298.0.html\r\nTimeout: 4 s.\r\nCaused by: ElementClickInterceptedException: element click intercepted: Element <span class=\"text\">...</span> is not clickable at point (102, 612). Other element would receive the click: <footer>...</footer>","trace":"Invalid element state [by text: Alerts]: element click intercepted: Element <span class=\"text\">...</span> is not clickable at point (102, 612). Other element would receive the click: <footer>...</footer>\r\nScreenshot: file:/C:/Users/sir-1/IdeaProjects/SelenideTestProject/build/reports/tests/1685018305298.0.png\r\nPage source: file:/C:/Users/sir-1/IdeaProjects/SelenideTestProject/build/reports/tests/1685018305298.0.html\r\nTimeout: 4 s.\r\nCaused by: ElementClickInterceptedException: element click intercepted: Element <span class=\"text\">...</span> is not clickable at point (102, 612). Other element would receive the click: <footer>...</footer>\r\n\tat com.codeborne.selenide.impl.ExceptionWrapper.wrap(ExceptionWrapper.java:26)\r\n\tat com.codeborne.selenide.impl.SelenideElementProxy.dispatchAndRetry(SelenideElementProxy.java:154)\r\n\tat com.codeborne.selenide.impl.SelenideElementProxy.invoke(SelenideElementProxy.java:84)\r\n\tat com.sun.proxy.$Proxy7.click(Unknown Source)\r\n\tat com.digital.pages.Navigate.toAlertsPage(Navigate.java:102)\r\n\tat search.AlertsTest.navigation(AlertsTest.java:17)\r\n\tat java.base/jdk.internal.reflect.NativeMethodAccessorImpl.invoke0(Native Method)\r\n\tat java.base/jdk.internal.reflect.NativeMethodAccessorImpl.invoke(NativeMethodAccessorImpl.java:62)\r\n\tat java.base/jdk.internal.reflect.DelegatingMethodAccessorImpl.invoke(DelegatingMethodAccessorImpl.java:43)\r\n\tat java.base/java.lang.reflect.Method.invoke(Method.java:566)\r\n\tat org.testng.internal.MethodInvocationHelper.invokeMethod(MethodInvocationHelper.java:133)\r\n\tat org.testng.internal.MethodInvocationHelper.invokeMethodConsideringTimeout(MethodInvocationHelper.java:62)\r\n\tat org.testng.internal.ConfigInvoker.invokeConfigurationMethod(ConfigInvoker.java:385)\r\n\tat org.testng.internal.ConfigInvoker.invokeConfigurations(ConfigInvoker.java:321)\r\n\tat org.testng.internal.TestMethodWorker.invokeBeforeClassMethods(TestMethodWorker.java:176)\r\n\tat org.testng.internal.TestMethodWorker.run(TestMethodWorker.java:122)\r\n\tat java.base/java.util.ArrayList.forEach(ArrayList.java:1541)\r\n\tat org.testng.TestRunner.privateRun(TestRunner.java:794)\r\n\tat org.testng.TestRunner.run(TestRunner.java:596)\r\n\tat org.testng.SuiteRunner.runTest(SuiteRunner.java:377)\r\n\tat org.testng.SuiteRunner.runSequentially(SuiteRunner.java:371)\r\n\tat org.testng.SuiteRunner.privateRun(SuiteRunner.java:332)\r\n\tat org.testng.SuiteRunner.run(SuiteRunner.java:276)\r\n\tat org.testng.SuiteRunnerWorker.runSuite(SuiteRunnerWorker.java:53)\r\n\tat org.testng.SuiteRunnerWorker.run(SuiteRunnerWorker.java:96)\r\n\tat org.testng.TestNG.runSuitesSequentially(TestNG.java:1212)\r\n\tat org.testng.TestNG.runSuitesLocally(TestNG.java:1134)\r\n\tat org.testng.TestNG.runSuites(TestNG.java:1063)\r\n\tat org.testng.TestNG.run(TestNG.java:1031)\r\n\tat com.intellij.rt.testng.IDEARemoteTestNG.run(IDEARemoteTestNG.java:66)\r\n\tat com.intellij.rt.testng.RemoteTestNGStarter.main(RemoteTestNGStarter.java:109)\r\nCaused by: org.openqa.selenium.ElementClickInterceptedException: element click intercepted: Element <span class=\"text\">...</span> is not clickable at point (102, 612). Other element would receive the click: <footer>...</footer>\n  (Session info: MicrosoftEdge=113.0.1774.50)\nBuild info: version: '4.8.3', revision: 'e5e76298c3'\nSystem info: os.name: 'Windows 10', os.arch: 'amd64', os.version: '10.0', java.version: '11.0.18'\nDriver info: org.openqa.selenium.edge.EdgeDriver\nCommand: [c7fa36e8708073e416ea6fce23f64adf, clickElement {id=2B63F5BD27910640B9E820910E8CFB6B_element_23}]\nCapabilities {acceptInsecureCerts: true, browserName: msedge, browserVersion: 113.0.1774.50, ms:edgeOptions: {debuggerAddress: localhost:62031}, msedge: {msedgedriverVersion: 113.0.1774.50 (8c198093ceda..., userDataDir: C:\\Users\\sir-1\\AppData\\Loca...}, networkConnectionEnabled: false, pageLoadStrategy: normal, platformName: WINDOWS, proxy: Proxy(), se:cdp: ws://localhost:62031/devtoo..., se:cdpVersion: 113.0.1774.50, setWindowRect: true, strictFileInteractability: false, timeouts: {implicit: 0, pageLoad: 300000, script: 30000}, unhandledPromptBehavior: accept, webauthn:extension:credBlob: true, webauthn:extension:largeBlob: true, webauthn:extension:minPinLength: true, webauthn:extension:prf: true, webauthn:virtualAuthenticators: true}\nElement: [[EdgeDriver: msedge on WINDOWS (c7fa36e8708073e416ea6fce23f64adf)] -> xpath: .//*/text()[normalize-space(translate(string(.), '\t\n\rÂ ', '    ')) = \"Alerts\"]/parent::*]\nSession ID: c7fa36e8708073e416ea6fce23f64adf\r\n\tat java.base/jdk.internal.reflect.NativeConstructorAccessorImpl.newInstance0(Native Method)\r\n\tat java.base/jdk.internal.reflect.NativeConstructorAccessorImpl.newInstance(NativeConstructorAccessorImpl.java:62)\r\n\tat java.base/jdk.internal.reflect.DelegatingConstructorAccessorImpl.newInstance(DelegatingConstructorAccessorImpl.java:45)\r\n\tat java.base/java.lang.reflect.Constructor.newInstance(Constructor.java:490)\r\n\tat org.openqa.selenium.remote.codec.w3c.W3CHttpResponseCodec.createException(W3CHttpResponseCodec.java:200)\r\n\tat org.openqa.selenium.remote.codec.w3c.W3CHttpResponseCodec.decode(W3CHttpResponseCodec.java:133)\r\n\tat org.openqa.selenium.remote.codec.w3c.W3CHttpResponseCodec.decode(W3CHttpResponseCodec.java:53)\r\n\tat org.openqa.selenium.remote.HttpCommandExecutor.execute(HttpCommandExecutor.java:193)\r\n\tat org.openqa.selenium.remote.service.DriverCommandExecutor.invokeExecute(DriverCommandExecutor.java:183)\r\n\tat org.openqa.selenium.remote.service.DriverCommandExecutor.execute(DriverCommandExecutor.java:158)\r\n\tat org.openqa.selenium.remote.RemoteWebDriver.execute(RemoteWebDriver.java:543)\r\n\tat org.openqa.selenium.remote.RemoteWebElement.execute(RemoteWebElement.java:257)\r\n\tat org.openqa.selenium.remote.RemoteWebElement.click(RemoteWebElement.java:78)\r\n\tat com.codeborne.selenide.commands.Click.defaultClick(Click.java:97)\r\n\tat com.codeborne.selenide.commands.Click.click(Click.java:54)\r\n\tat com.codeborne.selenide.commands.Click.execute(Click.java:31)\r\n\tat com.codeborne.selenide.commands.Click.execute(Click.java:21)\r\n\tat com.codeborne.selenide.commands.Commands.execute(Commands.java:162)\r\n\tat com.codeborne.selenide.impl.SelenideElementProxy.dispatchAndRetry(SelenideElementProxy.java:132)\r\n\t... 29 more\r\n"},"stage":"finished","description":"","steps":[],"attachments":[],"parameters":[],"start":1685018299946,"stop":1685018305527}],"afters":[{"name":"tearDown","status":"broken","stage":"finished","description":"","steps":[],"attachments":[],"parameters":[],"start":1685018305681,"stop":1685018305681}],"start":1685018291610,"stop":1685018305691}